<?xml version="1.0" encoding="UTF-8"?>
<testsuites>
    <testsuite name=";black-coffee" tests="8" failures="0" skipped="0">
        <properties>
            <property name="URI" value="/Users/mariantowfik/Desktop/Cucumber/features/coffee-machine.feature">
            </property>
        </properties>
        <testcase name="Given that the machine is plugged in" classname=";black-coffee" time="0.002013531">
        </testcase>
        <testcase name="And that the machine has enough ground coffee" classname=";black-coffee" time="0.000341621">
        </testcase>
        <testcase name="And that water is availble" classname=";black-coffee" time="0.000319212">
        </testcase>
        <testcase name="And the machine has enough plastic cups" classname=";black-coffee" time="0.000501009">
        </testcase>
        <testcase name="And the machine dispenses a cup" classname=";black-coffee" time="0.000246057">
        </testcase>
        <testcase name="And the machine dispenses the right amount of black coffee into a brewing pot" classname=";black-coffee" time="0.000210083">
        </testcase>
        <testcase name="And the machine dispenses the right amount of water into a brewing pot" classname=";black-coffee" time="0.000190437">
        </testcase>
        <testcase name="And the machine brews the coffee" classname=";black-coffee" time="0.000154584">
        </testcase>
    </testsuite>
    <testsuite name=";espresso" tests="8" failures="0" skipped="0">
        <properties>
            <property name="URI" value="/Users/mariantowfik/Desktop/Cucumber/features/coffee-machine.feature">
            </property>
        </properties>
        <testcase name="Given that the machine is plugged in" classname=";espresso" time="0.000211605">
        </testcase>
        <testcase name="And that the machine has enough ground coffee" classname=";espresso" time="0.000142332">
        </testcase>
        <testcase name="And that water is availble" classname=";espresso" time="0.00010974">
        </testcase>
        <testcase name="And the machine has enough plastic cups" classname=";espresso" time="0.00286395">
        </testcase>
        <testcase name="And the machine dispenses a cup" classname=";espresso" time="0.000151902">
        </testcase>
        <testcase name="And the machine dispenses the right amount of coffee into a brewing pot" classname=";espresso" time="0.000363463">
        </testcase>
        <testcase name="And the machine dispenses the right amount of water into a brewing pot" classname=";espresso" time="0.000101527">
        </testcase>
        <testcase name="And the machine brews the coffee" classname=";espresso" time="0.000123978">
        </testcase>
    </testsuite>
    <testsuite name=";cappuccino" tests="11" failures="0" skipped="0">
        <properties>
            <property name="URI" value="/Users/mariantowfik/Desktop/Cucumber/features/coffee-machine.feature">
            </property>
        </properties>
        <testcase name="Given that the machine is plugged in" classname=";cappuccino" time="0.00015843">
        </testcase>
        <testcase name="And that the machine has enough ground coffee" classname=";cappuccino" time="0.000094584">
        </testcase>
        <testcase name="And that water is availble" classname=";cappuccino" time="0.000083372">
        </testcase>
        <testcase name="And the machine has enough plastic cups" classname=";cappuccino" time="0.000075382">
        </testcase>
        <testcase name="And the machine dispenses a cup" classname=";cappuccino" time="0.000088246">
        </testcase>
        <testcase name="And the machine dispenses the right amount of coffee into a brewing pot" classname=";cappuccino" time="0.000091924">
        </testcase>
        <testcase name="And the machine dispenses the right amount of water into a brewing pot" classname=";cappuccino" time="0.000159352">
        </testcase>
        <testcase name="And the machine brews the coffee" classname=";cappuccino" time="0.000150478">
        </testcase>
        <testcase name="And the machine heats the water to get the steam to the milk" classname=";cappuccino" time="0.000325307">
        </testcase>
        <testcase name="And the machine has steamed the milk" classname=";cappuccino" time="0.000495665">
        </testcase>
        <testcase name="And the machine adds the steamed milk on top of the coffee" classname=";cappuccino" time="0.000150364">
        </testcase>
    </testsuite>
    <testsuite name=";right-amount-(cash)" tests="9" failures="0" skipped="0">
        <properties>
            <property name="URI" value="/Users/mariantowfik/Desktop/Cucumber/features/coffee-machine.feature">
            </property>
        </properties>
        <testcase name="Given that the machine is plugged in" classname=";right-amount-(cash)" time="0.000135123">
        </testcase>
        <testcase name="And that the machine has enough ground coffee" classname=";right-amount-(cash)" time="0.000092228">
        </testcase>
        <testcase name="And that water is availble" classname=";right-amount-(cash)" time="0.000091917">
        </testcase>
        <testcase name="And the machine has enough plastic cups" classname=";right-amount-(cash)" time="0.00007925">
        </testcase>
        <testcase name="And the machine dispenses a cup" classname=";right-amount-(cash)" time="0.000073546">
        </testcase>
        <testcase name="When the user inserts 10 kr in cash" classname=";right-amount-(cash)" time="0.000227787">
        </testcase>
        <testcase name="And chooses the coffee type Black coffee" classname=";right-amount-(cash)" time="0.000242255">
        </testcase>
        <testcase name="And presses start" classname=";right-amount-(cash)" time="0.000258799">
        </testcase>
        <testcase name="Then the user receieves a cup of coffee" classname=";right-amount-(cash)" time="0.000515578">
        </testcase>
    </testsuite>
    <testsuite name=";right-amount-(cash)" tests="9" failures="0" skipped="0">
        <properties>
            <property name="URI" value="/Users/mariantowfik/Desktop/Cucumber/features/coffee-machine.feature">
            </property>
        </properties>
        <testcase name="Given that the machine is plugged in" classname=";right-amount-(cash)" time="0.000113287">
        </testcase>
        <testcase name="And that the machine has enough ground coffee" classname=";right-amount-(cash)" time="0.000077897">
        </testcase>
        <testcase name="And that water is availble" classname=";right-amount-(cash)" time="0.000069311">
        </testcase>
        <testcase name="And the machine has enough plastic cups" classname=";right-amount-(cash)" time="0.000069884">
        </testcase>
        <testcase name="And the machine dispenses a cup" classname=";right-amount-(cash)" time="0.000080083">
        </testcase>
        <testcase name="When the user inserts 20 kr in cash" classname=";right-amount-(cash)" time="0.000127869">
        </testcase>
        <testcase name="And chooses the coffee type Espresso" classname=";right-amount-(cash)" time="0.000353005">
        </testcase>
        <testcase name="And presses start" classname=";right-amount-(cash)" time="0.000104968">
        </testcase>
        <testcase name="Then the user receieves a cup of coffee" classname=";right-amount-(cash)" time="0.000189272">
        </testcase>
    </testsuite>
    <testsuite name=";right-amount-(cash)" tests="9" failures="0" skipped="0">
        <properties>
            <property name="URI" value="/Users/mariantowfik/Desktop/Cucumber/features/coffee-machine.feature">
            </property>
        </properties>
        <testcase name="Given that the machine is plugged in" classname=";right-amount-(cash)" time="0.000088501">
        </testcase>
        <testcase name="And that the machine has enough ground coffee" classname=";right-amount-(cash)" time="0.000090924">
        </testcase>
        <testcase name="And that water is availble" classname=";right-amount-(cash)" time="0.00007391">
        </testcase>
        <testcase name="And the machine has enough plastic cups" classname=";right-amount-(cash)" time="0.000073962">
        </testcase>
        <testcase name="And the machine dispenses a cup" classname=";right-amount-(cash)" time="0.000079544">
        </testcase>
        <testcase name="When the user inserts 30 kr in cash" classname=";right-amount-(cash)" time="0.000139449">
        </testcase>
        <testcase name="And chooses the coffee type Cappuccino" classname=";right-amount-(cash)" time="0.00039344">
        </testcase>
        <testcase name="And presses start" classname=";right-amount-(cash)" time="0.000121007">
        </testcase>
        <testcase name="Then the user receieves a cup of coffee" classname=";right-amount-(cash)" time="0.000161989">
        </testcase>
    </testsuite>
    <testsuite name=";failed-payment(cash)" tests="9" failures="0" skipped="0">
        <properties>
            <property name="URI" value="/Users/mariantowfik/Desktop/Cucumber/features/coffee-machine.feature">
            </property>
        </properties>
        <testcase name="Given that the machine is plugged in" classname=";failed-payment(cash)" time="0.000110314">
        </testcase>
        <testcase name="And that the machine has enough ground coffee" classname=";failed-payment(cash)" time="0.000058317">
        </testcase>
        <testcase name="And that water is availble" classname=";failed-payment(cash)" time="0.00005279">
        </testcase>
        <testcase name="And the machine has enough plastic cups" classname=";failed-payment(cash)" time="0.000069448">
        </testcase>
        <testcase name="And the machine dispenses a cup" classname=";failed-payment(cash)" time="0.000060103">
        </testcase>
        <testcase name="When the user inserts the 9 of cash" classname=";failed-payment(cash)" time="0.000186879">
        </testcase>
        <testcase name="And chooses the coffee type Black coffee" classname=";failed-payment(cash)" time="0.000053208">
        </testcase>
        <testcase name="And presses start" classname=";failed-payment(cash)" time="0.000066794">
        </testcase>
        <testcase name="Then the user does not receieves a cup of coffee" classname=";failed-payment(cash)" time="0.000571114">
        </testcase>
    </testsuite>
    <testsuite name=";failed-payment(cash)" tests="9" failures="0" skipped="0">
        <properties>
            <property name="URI" value="/Users/mariantowfik/Desktop/Cucumber/features/coffee-machine.feature">
            </property>
        </properties>
        <testcase name="Given that the machine is plugged in" classname=";failed-payment(cash)" time="0.000107904">
        </testcase>
        <testcase name="And that the machine has enough ground coffee" classname=";failed-payment(cash)" time="0.000120399">
        </testcase>
        <testcase name="And that water is availble" classname=";failed-payment(cash)" time="0.000090401">
        </testcase>
        <testcase name="And the machine has enough plastic cups" classname=";failed-payment(cash)" time="0.000099288">
        </testcase>
        <testcase name="And the machine dispenses a cup" classname=";failed-payment(cash)" time="0.000129713">
        </testcase>
        <testcase name="When the user inserts the 19 of cash" classname=";failed-payment(cash)" time="0.000092763">
        </testcase>
        <testcase name="And chooses the coffee type Espresso" classname=";failed-payment(cash)" time="0.000105754">
        </testcase>
        <testcase name="And presses start" classname=";failed-payment(cash)" time="0.000182392">
        </testcase>
        <testcase name="Then the user does not receieves a cup of coffee" classname=";failed-payment(cash)" time="0.000106035">
        </testcase>
    </testsuite>
    <testsuite name=";failed-payment(cash)" tests="9" failures="0" skipped="0">
        <properties>
            <property name="URI" value="/Users/mariantowfik/Desktop/Cucumber/features/coffee-machine.feature">
            </property>
        </properties>
        <testcase name="Given that the machine is plugged in" classname=";failed-payment(cash)" time="0.000096172">
        </testcase>
        <testcase name="And that the machine has enough ground coffee" classname=";failed-payment(cash)" time="0.00009921">
        </testcase>
        <testcase name="And that water is availble" classname=";failed-payment(cash)" time="0.000074132">
        </testcase>
        <testcase name="And the machine has enough plastic cups" classname=";failed-payment(cash)" time="0.00007479">
        </testcase>
        <testcase name="And the machine dispenses a cup" classname=";failed-payment(cash)" time="0.000095846">
        </testcase>
        <testcase name="When the user inserts the 29 of cash" classname=";failed-payment(cash)" time="0.000090216">
        </testcase>
        <testcase name="And chooses the coffee type Cappuccino" classname=";failed-payment(cash)" time="0.000110938">
        </testcase>
        <testcase name="And presses start" classname=";failed-payment(cash)" time="0.000131292">
        </testcase>
        <testcase name="Then the user does not receieves a cup of coffee" classname=";failed-payment(cash)" time="0.000097938">
        </testcase>
    </testsuite>
    <testsuite name=";right-amount-(sek-card)" tests="9" failures="0" skipped="0">
        <properties>
            <property name="URI" value="/Users/mariantowfik/Desktop/Cucumber/features/coffee-machine.feature">
            </property>
        </properties>
        <testcase name="Given that the machine is plugged in" classname=";right-amount-(sek-card)" time="0.000078789">
        </testcase>
        <testcase name="And that the machine has enough ground coffee" classname=";right-amount-(sek-card)" time="0.000134659">
        </testcase>
        <testcase name="And that water is availble" classname=";right-amount-(sek-card)" time="0.000058878">
        </testcase>
        <testcase name="And the machine has enough plastic cups" classname=";right-amount-(sek-card)" time="0.000054621">
        </testcase>
        <testcase name="And the machine dispenses a cup" classname=";right-amount-(sek-card)" time="0.000049177">
        </testcase>
        <testcase name="When the user inserts the 10" classname=";right-amount-(sek-card)" time="0.000156032">
        </testcase>
        <testcase name="And chooses the coffee type Black coffee" classname=";right-amount-(sek-card)" time="0.000051179">
        </testcase>
        <testcase name="And presses start" classname=";right-amount-(sek-card)" time="0.000051949">
        </testcase>
        <testcase name="Then the user receieves a cup of coffee" classname=";right-amount-(sek-card)" time="0.000046497">
        </testcase>
    </testsuite>
    <testsuite name=";right-amount-(sek-card)" tests="9" failures="0" skipped="0">
        <properties>
            <property name="URI" value="/Users/mariantowfik/Desktop/Cucumber/features/coffee-machine.feature">
            </property>
        </properties>
        <testcase name="Given that the machine is plugged in" classname=";right-amount-(sek-card)" time="0.000082376">
        </testcase>
        <testcase name="And that the machine has enough ground coffee" classname=";right-amount-(sek-card)" time="0.000129642">
        </testcase>
        <testcase name="And that water is availble" classname=";right-amount-(sek-card)" time="0.000102149">
        </testcase>
        <testcase name="And the machine has enough plastic cups" classname=";right-amount-(sek-card)" time="0.000095044">
        </testcase>
        <testcase name="And the machine dispenses a cup" classname=";right-amount-(sek-card)" time="0.0000819">
        </testcase>
        <testcase name="When the user inserts the 20" classname=";right-amount-(sek-card)" time="0.00009571">
        </testcase>
        <testcase name="And chooses the coffee type Espresso" classname=";right-amount-(sek-card)" time="0.000091689">
        </testcase>
        <testcase name="And presses start" classname=";right-amount-(sek-card)" time="0.000086767">
        </testcase>
        <testcase name="Then the user receieves a cup of coffee" classname=";right-amount-(sek-card)" time="0.000084992">
        </testcase>
    </testsuite>
    <testsuite name=";right-amount-(sek-card)" tests="9" failures="0" skipped="0">
        <properties>
            <property name="URI" value="/Users/mariantowfik/Desktop/Cucumber/features/coffee-machine.feature">
            </property>
        </properties>
        <testcase name="Given that the machine is plugged in" classname=";right-amount-(sek-card)" time="0.000134157">
        </testcase>
        <testcase name="And that the machine has enough ground coffee" classname=";right-amount-(sek-card)" time="0.000114822">
        </testcase>
        <testcase name="And that water is availble" classname=";right-amount-(sek-card)" time="0.000213666">
        </testcase>
        <testcase name="And the machine has enough plastic cups" classname=";right-amount-(sek-card)" time="0.000101587">
        </testcase>
        <testcase name="And the machine dispenses a cup" classname=";right-amount-(sek-card)" time="0.000132237">
        </testcase>
        <testcase name="When the user inserts the 30" classname=";right-amount-(sek-card)" time="0.000088616">
        </testcase>
        <testcase name="And chooses the coffee type Cappuccino" classname=";right-amount-(sek-card)" time="0.000131031">
        </testcase>
        <testcase name="And presses start" classname=";right-amount-(sek-card)" time="0.000080493">
        </testcase>
        <testcase name="Then the user receieves a cup of coffee" classname=";right-amount-(sek-card)" time="0.000109265">
        </testcase>
    </testsuite>
    <testsuite name=";failed-payment(sek-card)" tests="9" failures="0" skipped="0">
        <properties>
            <property name="URI" value="/Users/mariantowfik/Desktop/Cucumber/features/coffee-machine.feature">
            </property>
        </properties>
        <testcase name="Given that the machine is plugged in" classname=";failed-payment(sek-card)" time="0.00007944">
        </testcase>
        <testcase name="And that the machine has enough ground coffee" classname=";failed-payment(sek-card)" time="0.000095029">
        </testcase>
        <testcase name="And that water is availble" classname=";failed-payment(sek-card)" time="0.000069864">
        </testcase>
        <testcase name="And the machine has enough plastic cups" classname=";failed-payment(sek-card)" time="0.000091686">
        </testcase>
        <testcase name="And the machine dispenses a cup" classname=";failed-payment(sek-card)" time="0.000065753">
        </testcase>
        <testcase name="When the user inserts the 9 amount" classname=";failed-payment(sek-card)" time="0.000200407">
        </testcase>
        <testcase name="And chooses the coffee type Black coffee" classname=";failed-payment(sek-card)" time="0.000077468">
        </testcase>
        <testcase name="And presses start" classname=";failed-payment(sek-card)" time="0.000074364">
        </testcase>
        <testcase name="Then the user does not receieves a cup of coffee" classname=";failed-payment(sek-card)" time="0.000150158">
        </testcase>
    </testsuite>
    <testsuite name=";failed-payment(sek-card)" tests="9" failures="0" skipped="0">
        <properties>
            <property name="URI" value="/Users/mariantowfik/Desktop/Cucumber/features/coffee-machine.feature">
            </property>
        </properties>
        <testcase name="Given that the machine is plugged in" classname=";failed-payment(sek-card)" time="0.000080971">
        </testcase>
        <testcase name="And that the machine has enough ground coffee" classname=";failed-payment(sek-card)" time="0.000091449">
        </testcase>
        <testcase name="And that water is availble" classname=";failed-payment(sek-card)" time="0.00007834">
        </testcase>
        <testcase name="And the machine has enough plastic cups" classname=";failed-payment(sek-card)" time="0.000103386">
        </testcase>
        <testcase name="And the machine dispenses a cup" classname=";failed-payment(sek-card)" time="0.000074444">
        </testcase>
        <testcase name="When the user inserts the 19 amount" classname=";failed-payment(sek-card)" time="0.000081307">
        </testcase>
        <testcase name="And chooses the coffee type Espresso" classname=";failed-payment(sek-card)" time="0.000095613">
        </testcase>
        <testcase name="And presses start" classname=";failed-payment(sek-card)" time="0.000097246">
        </testcase>
        <testcase name="Then the user does not receieves a cup of coffee" classname=";failed-payment(sek-card)" time="0.000084129">
        </testcase>
    </testsuite>
    <testsuite name=";failed-payment(sek-card)" tests="9" failures="0" skipped="0">
        <properties>
            <property name="URI" value="/Users/mariantowfik/Desktop/Cucumber/features/coffee-machine.feature">
            </property>
        </properties>
        <testcase name="Given that the machine is plugged in" classname=";failed-payment(sek-card)" time="0.000101016">
        </testcase>
        <testcase name="And that the machine has enough ground coffee" classname=";failed-payment(sek-card)" time="0.000116845">
        </testcase>
        <testcase name="And that water is availble" classname=";failed-payment(sek-card)" time="0.000093237">
        </testcase>
        <testcase name="And the machine has enough plastic cups" classname=";failed-payment(sek-card)" time="0.000102415">
        </testcase>
        <testcase name="And the machine dispenses a cup" classname=";failed-payment(sek-card)" time="0.000079854">
        </testcase>
        <testcase name="When the user inserts the 29 amount" classname=";failed-payment(sek-card)" time="0.00009563">
        </testcase>
        <testcase name="And chooses the coffee type Cappuccino" classname=";failed-payment(sek-card)" time="0.000079017">
        </testcase>
        <testcase name="And presses start" classname=";failed-payment(sek-card)" time="0.000214167">
        </testcase>
        <testcase name="Then the user does not receieves a cup of coffee" classname=";failed-payment(sek-card)" time="0.000107642">
        </testcase>
    </testsuite>
    <testsuite name=";the-machine-is-missing-something" tests="9" failures="0" skipped="4">
        <properties>
            <property name="URI" value="/Users/mariantowfik/Desktop/Cucumber/features/coffee-machine.feature">
            </property>
        </properties>
        <testcase name="Given that the machine is plugged in" classname=";the-machine-is-missing-something" time="0.000204476">
        </testcase>
        <testcase name="And that the machine has enough ground coffee" classname=";the-machine-is-missing-something" time="0.000082705">
        </testcase>
        <testcase name="And that water is availble" classname=";the-machine-is-missing-something" time="0.000067568">
        </testcase>
        <testcase name="And the machine has enough plastic cups" classname=";the-machine-is-missing-something" time="0.00006632">
        </testcase>
        <testcase name="And the machine dispenses a cup" classname=";the-machine-is-missing-something" time="0.000065634">
        </testcase>
        <testcase name="Given that the user has selected Black Coffee" classname=";the-machine-is-missing-something">
            <skipped message="">
            </skipped>
        </testcase>
        <testcase name="And there is not enough of ground coffee" classname=";the-machine-is-missing-something">
            <skipped message="">
            </skipped>
        </testcase>
        <testcase name="When you press the start button" classname=";the-machine-is-missing-something">
            <skipped message="">
            </skipped>
        </testcase>
        <testcase name="Then the machine displays &quot;not enough ground coffee, please refill ground coffee&quot;" classname=";the-machine-is-missing-something">
            <skipped message="">
            </skipped>
        </testcase>
    </testsuite>
    <testsuite name=";the-machine-is-missing-something" tests="9" failures="0" skipped="4">
        <properties>
            <property name="URI" value="/Users/mariantowfik/Desktop/Cucumber/features/coffee-machine.feature">
            </property>
        </properties>
        <testcase name="Given that the machine is plugged in" classname=";the-machine-is-missing-something" time="0.000072958">
        </testcase>
        <testcase name="And that the machine has enough ground coffee" classname=";the-machine-is-missing-something" time="0.000095773">
        </testcase>
        <testcase name="And that water is availble" classname=";the-machine-is-missing-something" time="0.000051126">
        </testcase>
        <testcase name="And the machine has enough plastic cups" classname=";the-machine-is-missing-something" time="0.000087804">
        </testcase>
        <testcase name="And the machine dispenses a cup" classname=";the-machine-is-missing-something" time="0.000047381">
        </testcase>
        <testcase name="Given that the user has selected Espresso" classname=";the-machine-is-missing-something">
            <skipped message="">
            </skipped>
        </testcase>
        <testcase name="And there is not enough of water" classname=";the-machine-is-missing-something">
            <skipped message="">
            </skipped>
        </testcase>
        <testcase name="When you press the start button" classname=";the-machine-is-missing-something">
            <skipped message="">
            </skipped>
        </testcase>
        <testcase name="Then the machine displays &quot;could not find water, please contact support&quot;" classname=";the-machine-is-missing-something">
            <skipped message="">
            </skipped>
        </testcase>
    </testsuite>
    <testsuite name=";the-machine-is-missing-something" tests="9" failures="0" skipped="4">
        <properties>
            <property name="URI" value="/Users/mariantowfik/Desktop/Cucumber/features/coffee-machine.feature">
            </property>
        </properties>
        <testcase name="Given that the machine is plugged in" classname=";the-machine-is-missing-something" time="0.000071955">
        </testcase>
        <testcase name="And that the machine has enough ground coffee" classname=";the-machine-is-missing-something" time="0.000055518">
        </testcase>
        <testcase name="And that water is availble" classname=";the-machine-is-missing-something" time="0.000084815">
        </testcase>
        <testcase name="And the machine has enough plastic cups" classname=";the-machine-is-missing-something" time="0.000078093">
        </testcase>
        <testcase name="And the machine dispenses a cup" classname=";the-machine-is-missing-something" time="0.000087438">
        </testcase>
        <testcase name="Given that the user has selected Cappuccino" classname=";the-machine-is-missing-something">
            <skipped message="">
            </skipped>
        </testcase>
        <testcase name="And there is not enough of milk" classname=";the-machine-is-missing-something">
            <skipped message="">
            </skipped>
        </testcase>
        <testcase name="When you press the start button" classname=";the-machine-is-missing-something">
            <skipped message="">
            </skipped>
        </testcase>
        <testcase name="Then the machine displays &quot;not enough milk, please refill milk&quot;" classname=";the-machine-is-missing-something">
            <skipped message="">
            </skipped>
        </testcase>
    </testsuite>
    <testsuite name=";the-machine-is-missing-something" tests="9" failures="0" skipped="4">
        <properties>
            <property name="URI" value="/Users/mariantowfik/Desktop/Cucumber/features/coffee-machine.feature">
            </property>
        </properties>
        <testcase name="Given that the machine is plugged in" classname=";the-machine-is-missing-something" time="0.000077933">
        </testcase>
        <testcase name="And that the machine has enough ground coffee" classname=";the-machine-is-missing-something" time="0.00009891">
        </testcase>
        <testcase name="And that water is availble" classname=";the-machine-is-missing-something" time="0.000075358">
        </testcase>
        <testcase name="And the machine has enough plastic cups" classname=";the-machine-is-missing-something" time="0.000074377">
        </testcase>
        <testcase name="And the machine dispenses a cup" classname=";the-machine-is-missing-something" time="0.000063657">
        </testcase>
        <testcase name="Given that the user has selected Black Coffee" classname=";the-machine-is-missing-something">
            <skipped message="">
            </skipped>
        </testcase>
        <testcase name="And there is not enough of water" classname=";the-machine-is-missing-something">
            <skipped message="">
            </skipped>
        </testcase>
        <testcase name="When you press the start button" classname=";the-machine-is-missing-something">
            <skipped message="">
            </skipped>
        </testcase>
        <testcase name="Then the machine displays &quot;could not find water, please contact support&quot;" classname=";the-machine-is-missing-something">
            <skipped message="">
            </skipped>
        </testcase>
    </testsuite>
    <testsuite name=";the-machine-is-missing-something" tests="9" failures="0" skipped="4">
        <properties>
            <property name="URI" value="/Users/mariantowfik/Desktop/Cucumber/features/coffee-machine.feature">
            </property>
        </properties>
        <testcase name="Given that the machine is plugged in" classname=";the-machine-is-missing-something" time="0.000081162">
        </testcase>
        <testcase name="And that the machine has enough ground coffee" classname=";the-machine-is-missing-something" time="0.000092261">
        </testcase>
        <testcase name="And that water is availble" classname=";the-machine-is-missing-something" time="0.000072636">
        </testcase>
        <testcase name="And the machine has enough plastic cups" classname=";the-machine-is-missing-something" time="0.000072942">
        </testcase>
        <testcase name="And the machine dispenses a cup" classname=";the-machine-is-missing-something" time="0.000085686">
        </testcase>
        <testcase name="Given that the user has selected Espresso" classname=";the-machine-is-missing-something">
            <skipped message="">
            </skipped>
        </testcase>
        <testcase name="And there is not enough of coffee" classname=";the-machine-is-missing-something">
            <skipped message="">
            </skipped>
        </testcase>
        <testcase name="When you press the start button" classname=";the-machine-is-missing-something">
            <skipped message="">
            </skipped>
        </testcase>
        <testcase name="Then the machine displays &quot;not enough ground coffee, please refill ground coffee&quot;" classname=";the-machine-is-missing-something">
            <skipped message="">
            </skipped>
        </testcase>
    </testsuite>
    <testsuite name=";the-machine-is-missing-something" tests="9" failures="0" skipped="4">
        <properties>
            <property name="URI" value="/Users/mariantowfik/Desktop/Cucumber/features/coffee-machine.feature">
            </property>
        </properties>
        <testcase name="Given that the machine is plugged in" classname=";the-machine-is-missing-something" time="0.00008302">
        </testcase>
        <testcase name="And that the machine has enough ground coffee" classname=";the-machine-is-missing-something" time="0.000080314">
        </testcase>
        <testcase name="And that water is availble" classname=";the-machine-is-missing-something" time="0.000089552">
        </testcase>
        <testcase name="And the machine has enough plastic cups" classname=";the-machine-is-missing-something" time="0.000077451">
        </testcase>
        <testcase name="And the machine dispenses a cup" classname=";the-machine-is-missing-something" time="0.000068063">
        </testcase>
        <testcase name="Given that the user has selected Cappuccino" classname=";the-machine-is-missing-something">
            <skipped message="">
            </skipped>
        </testcase>
        <testcase name="And there is not enough of coffee" classname=";the-machine-is-missing-something">
            <skipped message="">
            </skipped>
        </testcase>
        <testcase name="When you press the start button" classname=";the-machine-is-missing-something">
            <skipped message="">
            </skipped>
        </testcase>
        <testcase name="Then the machine displays &quot;not enough ground coffee, please refill ground coffee&quot;" classname=";the-machine-is-missing-something">
            <skipped message="">
            </skipped>
        </testcase>
    </testsuite>
    <testsuite name=";the-machine-is-missing-something" tests="9" failures="0" skipped="4">
        <properties>
            <property name="URI" value="/Users/mariantowfik/Desktop/Cucumber/features/coffee-machine.feature">
            </property>
        </properties>
        <testcase name="Given that the machine is plugged in" classname=";the-machine-is-missing-something" time="0.000092013">
        </testcase>
        <testcase name="And that the machine has enough ground coffee" classname=";the-machine-is-missing-something" time="0.000111193">
        </testcase>
        <testcase name="And that water is availble" classname=";the-machine-is-missing-something" time="0.000054762">
        </testcase>
        <testcase name="And the machine has enough plastic cups" classname=";the-machine-is-missing-something" time="0.000042934">
        </testcase>
        <testcase name="And the machine dispenses a cup" classname=";the-machine-is-missing-something" time="0.000051792">
        </testcase>
        <testcase name="Given that the user has selected Cappuccino" classname=";the-machine-is-missing-something">
            <skipped message="">
            </skipped>
        </testcase>
        <testcase name="And there is not enough of water" classname=";the-machine-is-missing-something">
            <skipped message="">
            </skipped>
        </testcase>
        <testcase name="When you press the start button" classname=";the-machine-is-missing-something">
            <skipped message="">
            </skipped>
        </testcase>
        <testcase name="Then the machine displays &quot;could not find water, please contact support&quot;" classname=";the-machine-is-missing-something">
            <skipped message="">
            </skipped>
        </testcase>
    </testsuite>
    <testsuite name=";the-machine-is-missing-something" tests="9" failures="0" skipped="4">
        <properties>
            <property name="URI" value="/Users/mariantowfik/Desktop/Cucumber/features/coffee-machine.feature">
            </property>
        </properties>
        <testcase name="Given that the machine is plugged in" classname=";the-machine-is-missing-something" time="0.000111573">
        </testcase>
        <testcase name="And that the machine has enough ground coffee" classname=";the-machine-is-missing-something" time="0.000086772">
        </testcase>
        <testcase name="And that water is availble" classname=";the-machine-is-missing-something" time="0.000055299">
        </testcase>
        <testcase name="And the machine has enough plastic cups" classname=";the-machine-is-missing-something" time="0.000057289">
        </testcase>
        <testcase name="And the machine dispenses a cup" classname=";the-machine-is-missing-something" time="0.000053554">
        </testcase>
        <testcase name="Given that the user has selected Black Coffee" classname=";the-machine-is-missing-something">
            <skipped message="">
            </skipped>
        </testcase>
        <testcase name="And there is not enough of cup" classname=";the-machine-is-missing-something">
            <skipped message="">
            </skipped>
        </testcase>
        <testcase name="When you press the start button" classname=";the-machine-is-missing-something">
            <skipped message="">
            </skipped>
        </testcase>
        <testcase name="Then the machine displays &quot;not enough cups in the machine, please refill cups &quot;" classname=";the-machine-is-missing-something">
            <skipped message="">
            </skipped>
        </testcase>
    </testsuite>
    <testsuite name=";the-machine-is-missing-something" tests="9" failures="0" skipped="4">
        <properties>
            <property name="URI" value="/Users/mariantowfik/Desktop/Cucumber/features/coffee-machine.feature">
            </property>
        </properties>
        <testcase name="Given that the machine is plugged in" classname=";the-machine-is-missing-something" time="0.000091869">
        </testcase>
        <testcase name="And that the machine has enough ground coffee" classname=";the-machine-is-missing-something" time="0.000191399">
        </testcase>
        <testcase name="And that water is availble" classname=";the-machine-is-missing-something" time="0.000074386">
        </testcase>
        <testcase name="And the machine has enough plastic cups" classname=";the-machine-is-missing-something" time="0.000067331">
        </testcase>
        <testcase name="And the machine dispenses a cup" classname=";the-machine-is-missing-something" time="0.000072598">
        </testcase>
        <testcase name="Given that the user has selected Espresso" classname=";the-machine-is-missing-something">
            <skipped message="">
            </skipped>
        </testcase>
        <testcase name="And there is not enough of cup" classname=";the-machine-is-missing-something">
            <skipped message="">
            </skipped>
        </testcase>
        <testcase name="When you press the start button" classname=";the-machine-is-missing-something">
            <skipped message="">
            </skipped>
        </testcase>
        <testcase name="Then the machine displays &quot;not enough cups in the machine, please refill cups &quot;" classname=";the-machine-is-missing-something">
            <skipped message="">
            </skipped>
        </testcase>
    </testsuite>
    <testsuite name=";the-machine-is-missing-something" tests="9" failures="0" skipped="4">
        <properties>
            <property name="URI" value="/Users/mariantowfik/Desktop/Cucumber/features/coffee-machine.feature">
            </property>
        </properties>
        <testcase name="Given that the machine is plugged in" classname=";the-machine-is-missing-something" time="0.000087917">
        </testcase>
        <testcase name="And that the machine has enough ground coffee" classname=";the-machine-is-missing-something" time="0.000083288">
        </testcase>
        <testcase name="And that water is availble" classname=";the-machine-is-missing-something" time="0.000070909">
        </testcase>
        <testcase name="And the machine has enough plastic cups" classname=";the-machine-is-missing-something" time="0.000059747">
        </testcase>
        <testcase name="And the machine dispenses a cup" classname=";the-machine-is-missing-something" time="0.000066083">
        </testcase>
        <testcase name="Given that the user has selected Cappuccino" classname=";the-machine-is-missing-something">
            <skipped message="">
            </skipped>
        </testcase>
        <testcase name="And there is not enough of cup" classname=";the-machine-is-missing-something">
            <skipped message="">
            </skipped>
        </testcase>
        <testcase name="When you press the start button" classname=";the-machine-is-missing-something">
            <skipped message="">
            </skipped>
        </testcase>
        <testcase name="Then the machine displays &quot;not enough cups in the machine, please refill cups &quot;" classname=";the-machine-is-missing-something">
            <skipped message="">
            </skipped>
        </testcase>
    </testsuite>
</testsuites>