<?xml version="1.0" encoding="UTF-8"?>
<testsuites>
    <testsuite name=";black-coffee" tests="8" failures="0" skipped="0">
        <properties>
            <property name="URI" value="/Users/mariantowfik/Desktop/Cucumber/features/coffee-machine.feature">
            </property>
        </properties>
        <testcase name="Given that the machine is plugged in" classname=";black-coffee" time="0.000707333">
        </testcase>
        <testcase name="And that the machine has enough ground coffee" classname=";black-coffee" time="0.000221603">
        </testcase>
        <testcase name="And that water is availble" classname=";black-coffee" time="0.000216114">
        </testcase>
        <testcase name="And the machine has enough plastic cups" classname=";black-coffee" time="0.000474789">
        </testcase>
        <testcase name="And the machine dispenses a cup" classname=";black-coffee" time="0.000337054">
        </testcase>
        <testcase name="And the machine dispenses the right amount of black coffee into a brewing pot" classname=";black-coffee" time="0.000274274">
        </testcase>
        <testcase name="And the machine dispenses the right amount of water into a brewing pot" classname=";black-coffee" time="0.000162548">
        </testcase>
        <testcase name="And the machine brews the coffee" classname=";black-coffee" time="0.000205527">
        </testcase>
    </testsuite>
    <testsuite name=";espresso" tests="8" failures="0" skipped="0">
        <properties>
            <property name="URI" value="/Users/mariantowfik/Desktop/Cucumber/features/coffee-machine.feature">
            </property>
        </properties>
        <testcase name="Given that the machine is plugged in" classname=";espresso" time="0.000112054">
        </testcase>
        <testcase name="And that the machine has enough ground coffee" classname=";espresso" time="0.000115407">
        </testcase>
        <testcase name="And that water is availble" classname=";espresso" time="0.000143371">
        </testcase>
        <testcase name="And the machine has enough plastic cups" classname=";espresso" time="0.000127478">
        </testcase>
        <testcase name="And the machine dispenses a cup" classname=";espresso" time="0.00011928">
        </testcase>
        <testcase name="And the machine dispenses the right amount of coffee into a brewing pot" classname=";espresso" time="0.000189374">
        </testcase>
        <testcase name="And the machine dispenses the right amount of water into a brewing pot" classname=";espresso" time="0.000299291">
        </testcase>
        <testcase name="And the machine brews the coffee" classname=";espresso" time="0.000077532">
        </testcase>
    </testsuite>
    <testsuite name=";cappuccino" tests="11" failures="0" skipped="0">
        <properties>
            <property name="URI" value="/Users/mariantowfik/Desktop/Cucumber/features/coffee-machine.feature">
            </property>
        </properties>
        <testcase name="Given that the machine is plugged in" classname=";cappuccino" time="0.0003024">
        </testcase>
        <testcase name="And that the machine has enough ground coffee" classname=";cappuccino" time="0.000086001">
        </testcase>
        <testcase name="And that water is availble" classname=";cappuccino" time="0.000075345">
        </testcase>
        <testcase name="And the machine has enough plastic cups" classname=";cappuccino" time="0.000080816">
        </testcase>
        <testcase name="And the machine dispenses a cup" classname=";cappuccino" time="0.000078428">
        </testcase>
        <testcase name="And the machine dispenses the right amount of coffee into a brewing pot" classname=";cappuccino" time="0.000079255">
        </testcase>
        <testcase name="And the machine dispenses the right amount of water into a brewing pot" classname=";cappuccino" time="0.000108796">
        </testcase>
        <testcase name="And the machine brews the coffee" classname=";cappuccino" time="0.000112181">
        </testcase>
        <testcase name="And the machine heats the water to get the steam to the milk" classname=";cappuccino" time="0.000571399">
        </testcase>
        <testcase name="And the machine has steamed the milk" classname=";cappuccino" time="0.000969288">
        </testcase>
        <testcase name="And the machine adds the steamed milk on top of the coffee" classname=";cappuccino" time="0.000209518">
        </testcase>
    </testsuite>
    <testsuite name=";right-amount-(cash)" tests="9" failures="0" skipped="0">
        <properties>
            <property name="URI" value="/Users/mariantowfik/Desktop/Cucumber/features/coffee-machine.feature">
            </property>
        </properties>
        <testcase name="Given that the machine is plugged in" classname=";right-amount-(cash)" time="0.000146198">
        </testcase>
        <testcase name="And that the machine has enough ground coffee" classname=";right-amount-(cash)" time="0.000083821">
        </testcase>
        <testcase name="And that water is availble" classname=";right-amount-(cash)" time="0.000078424">
        </testcase>
        <testcase name="And the machine has enough plastic cups" classname=";right-amount-(cash)" time="0.000115843">
        </testcase>
        <testcase name="And the machine dispenses a cup" classname=";right-amount-(cash)" time="0.000087889">
        </testcase>
        <testcase name="When the user inserts 10 kr in cash" classname=";right-amount-(cash)" time="0.000318658">
        </testcase>
        <testcase name="And chooses the coffee type Black coffee" classname=";right-amount-(cash)" time="0.000257738">
        </testcase>
        <testcase name="And presses start" classname=";right-amount-(cash)" time="0.000339565">
        </testcase>
        <testcase name="Then the user receieves a cup of coffee" classname=";right-amount-(cash)" time="0.000230013">
        </testcase>
    </testsuite>
    <testsuite name=";right-amount-(cash)" tests="9" failures="0" skipped="0">
        <properties>
            <property name="URI" value="/Users/mariantowfik/Desktop/Cucumber/features/coffee-machine.feature">
            </property>
        </properties>
        <testcase name="Given that the machine is plugged in" classname=";right-amount-(cash)" time="0.000101993">
        </testcase>
        <testcase name="And that the machine has enough ground coffee" classname=";right-amount-(cash)" time="0.000063358">
        </testcase>
        <testcase name="And that water is availble" classname=";right-amount-(cash)" time="0.000054496">
        </testcase>
        <testcase name="And the machine has enough plastic cups" classname=";right-amount-(cash)" time="0.000056394">
        </testcase>
        <testcase name="And the machine dispenses a cup" classname=";right-amount-(cash)" time="0.00005393">
        </testcase>
        <testcase name="When the user inserts 20 kr in cash" classname=";right-amount-(cash)" time="0.000060965">
        </testcase>
        <testcase name="And chooses the coffee type Espresso" classname=";right-amount-(cash)" time="0.000189686">
        </testcase>
        <testcase name="And presses start" classname=";right-amount-(cash)" time="0.000173137">
        </testcase>
        <testcase name="Then the user receieves a cup of coffee" classname=";right-amount-(cash)" time="0.000144925">
        </testcase>
    </testsuite>
    <testsuite name=";right-amount-(cash)" tests="9" failures="0" skipped="0">
        <properties>
            <property name="URI" value="/Users/mariantowfik/Desktop/Cucumber/features/coffee-machine.feature">
            </property>
        </properties>
        <testcase name="Given that the machine is plugged in" classname=";right-amount-(cash)" time="0.000294569">
        </testcase>
        <testcase name="And that the machine has enough ground coffee" classname=";right-amount-(cash)" time="0.000100386">
        </testcase>
        <testcase name="And that water is availble" classname=";right-amount-(cash)" time="0.000100851">
        </testcase>
        <testcase name="And the machine has enough plastic cups" classname=";right-amount-(cash)" time="0.000086359">
        </testcase>
        <testcase name="And the machine dispenses a cup" classname=";right-amount-(cash)" time="0.000076464">
        </testcase>
        <testcase name="When the user inserts 30 kr in cash" classname=";right-amount-(cash)" time="0.000112076">
        </testcase>
        <testcase name="And chooses the coffee type Cappuccino" classname=";right-amount-(cash)" time="0.00025628">
        </testcase>
        <testcase name="And presses start" classname=";right-amount-(cash)" time="0.000132488">
        </testcase>
        <testcase name="Then the user receieves a cup of coffee" classname=";right-amount-(cash)" time="0.000186049">
        </testcase>
    </testsuite>
    <testsuite name=";failed-payment(cash)" tests="9" failures="0" skipped="0">
        <properties>
            <property name="URI" value="/Users/mariantowfik/Desktop/Cucumber/features/coffee-machine.feature">
            </property>
        </properties>
        <testcase name="Given that the machine is plugged in" classname=";failed-payment(cash)" time="0.000085213">
        </testcase>
        <testcase name="And that the machine has enough ground coffee" classname=";failed-payment(cash)" time="0.000102825">
        </testcase>
        <testcase name="And that water is availble" classname=";failed-payment(cash)" time="0.000093978">
        </testcase>
        <testcase name="And the machine has enough plastic cups" classname=";failed-payment(cash)" time="0.00009236">
        </testcase>
        <testcase name="And the machine dispenses a cup" classname=";failed-payment(cash)" time="0.000107019">
        </testcase>
        <testcase name="When the user inserts the 9 of cash" classname=";failed-payment(cash)" time="0.000293002">
        </testcase>
        <testcase name="And chooses the coffee type Black coffee" classname=";failed-payment(cash)" time="0.000107247">
        </testcase>
        <testcase name="And presses start" classname=";failed-payment(cash)" time="0.000091658">
        </testcase>
        <testcase name="Then the user does not receieves a cup of coffee" classname=";failed-payment(cash)" time="0.000310869">
        </testcase>
    </testsuite>
    <testsuite name=";failed-payment(cash)" tests="9" failures="0" skipped="0">
        <properties>
            <property name="URI" value="/Users/mariantowfik/Desktop/Cucumber/features/coffee-machine.feature">
            </property>
        </properties>
        <testcase name="Given that the machine is plugged in" classname=";failed-payment(cash)" time="0.000094247">
        </testcase>
        <testcase name="And that the machine has enough ground coffee" classname=";failed-payment(cash)" time="0.000093418">
        </testcase>
        <testcase name="And that water is availble" classname=";failed-payment(cash)" time="0.000123402">
        </testcase>
        <testcase name="And the machine has enough plastic cups" classname=";failed-payment(cash)" time="0.000077276">
        </testcase>
        <testcase name="And the machine dispenses a cup" classname=";failed-payment(cash)" time="0.000156894">
        </testcase>
        <testcase name="When the user inserts the 19 of cash" classname=";failed-payment(cash)" time="0.000076838">
        </testcase>
        <testcase name="And chooses the coffee type Espresso" classname=";failed-payment(cash)" time="0.00007471">
        </testcase>
        <testcase name="And presses start" classname=";failed-payment(cash)" time="0.000071999">
        </testcase>
        <testcase name="Then the user does not receieves a cup of coffee" classname=";failed-payment(cash)" time="0.000132988">
        </testcase>
    </testsuite>
    <testsuite name=";failed-payment(cash)" tests="9" failures="0" skipped="0">
        <properties>
            <property name="URI" value="/Users/mariantowfik/Desktop/Cucumber/features/coffee-machine.feature">
            </property>
        </properties>
        <testcase name="Given that the machine is plugged in" classname=";failed-payment(cash)" time="0.000109923">
        </testcase>
        <testcase name="And that the machine has enough ground coffee" classname=";failed-payment(cash)" time="0.000074665">
        </testcase>
        <testcase name="And that water is availble" classname=";failed-payment(cash)" time="0.001324871">
        </testcase>
        <testcase name="And the machine has enough plastic cups" classname=";failed-payment(cash)" time="0.000082102">
        </testcase>
        <testcase name="And the machine dispenses a cup" classname=";failed-payment(cash)" time="0.000078153">
        </testcase>
        <testcase name="When the user inserts the 29 of cash" classname=";failed-payment(cash)" time="0.000151488">
        </testcase>
        <testcase name="And chooses the coffee type Cappuccino" classname=";failed-payment(cash)" time="0.000368797">
        </testcase>
        <testcase name="And presses start" classname=";failed-payment(cash)" time="0.000109497">
        </testcase>
        <testcase name="Then the user does not receieves a cup of coffee" classname=";failed-payment(cash)" time="0.000206084">
        </testcase>
    </testsuite>
    <testsuite name=";right-amount-(sek-card)" tests="9" failures="0" skipped="0">
        <properties>
            <property name="URI" value="/Users/mariantowfik/Desktop/Cucumber/features/coffee-machine.feature">
            </property>
        </properties>
        <testcase name="Given that the machine is plugged in" classname=";right-amount-(sek-card)" time="0.000179913">
        </testcase>
        <testcase name="And that the machine has enough ground coffee" classname=";right-amount-(sek-card)" time="0.000086799">
        </testcase>
        <testcase name="And that water is availble" classname=";right-amount-(sek-card)" time="0.000079318">
        </testcase>
        <testcase name="And the machine has enough plastic cups" classname=";right-amount-(sek-card)" time="0.000090294">
        </testcase>
        <testcase name="And the machine dispenses a cup" classname=";right-amount-(sek-card)" time="0.000071717">
        </testcase>
        <testcase name="When the user inserts the 10" classname=";right-amount-(sek-card)" time="0.000277704">
        </testcase>
        <testcase name="And chooses the coffee type Black coffee" classname=";right-amount-(sek-card)" time="0.000103718">
        </testcase>
        <testcase name="And presses start" classname=";right-amount-(sek-card)" time="0.0002071">
        </testcase>
        <testcase name="Then the user receieves a cup of coffee" classname=";right-amount-(sek-card)" time="0.000100744">
        </testcase>
    </testsuite>
    <testsuite name=";right-amount-(sek-card)" tests="9" failures="0" skipped="0">
        <properties>
            <property name="URI" value="/Users/mariantowfik/Desktop/Cucumber/features/coffee-machine.feature">
            </property>
        </properties>
        <testcase name="Given that the machine is plugged in" classname=";right-amount-(sek-card)" time="0.000084462">
        </testcase>
        <testcase name="And that the machine has enough ground coffee" classname=";right-amount-(sek-card)" time="0.000114018">
        </testcase>
        <testcase name="And that water is availble" classname=";right-amount-(sek-card)" time="0.000079521">
        </testcase>
        <testcase name="And the machine has enough plastic cups" classname=";right-amount-(sek-card)" time="0.000076015">
        </testcase>
        <testcase name="And the machine dispenses a cup" classname=";right-amount-(sek-card)" time="0.000079258">
        </testcase>
        <testcase name="When the user inserts the 20" classname=";right-amount-(sek-card)" time="0.000085882">
        </testcase>
        <testcase name="And chooses the coffee type Espresso" classname=";right-amount-(sek-card)" time="0.000073374">
        </testcase>
        <testcase name="And presses start" classname=";right-amount-(sek-card)" time="0.000084659">
        </testcase>
        <testcase name="Then the user receieves a cup of coffee" classname=";right-amount-(sek-card)" time="0.000081231">
        </testcase>
    </testsuite>
    <testsuite name=";right-amount-(sek-card)" tests="9" failures="0" skipped="0">
        <properties>
            <property name="URI" value="/Users/mariantowfik/Desktop/Cucumber/features/coffee-machine.feature">
            </property>
        </properties>
        <testcase name="Given that the machine is plugged in" classname=";right-amount-(sek-card)" time="0.000154663">
        </testcase>
        <testcase name="And that the machine has enough ground coffee" classname=";right-amount-(sek-card)" time="0.000097267">
        </testcase>
        <testcase name="And that water is availble" classname=";right-amount-(sek-card)" time="0.000162189">
        </testcase>
        <testcase name="And the machine has enough plastic cups" classname=";right-amount-(sek-card)" time="0.000732074">
        </testcase>
        <testcase name="And the machine dispenses a cup" classname=";right-amount-(sek-card)" time="0.000421755">
        </testcase>
        <testcase name="When the user inserts the 30" classname=";right-amount-(sek-card)" time="0.000411125">
        </testcase>
        <testcase name="And chooses the coffee type Cappuccino" classname=";right-amount-(sek-card)" time="0.000152803">
        </testcase>
        <testcase name="And presses start" classname=";right-amount-(sek-card)" time="0.000084638">
        </testcase>
        <testcase name="Then the user receieves a cup of coffee" classname=";right-amount-(sek-card)" time="0.000089866">
        </testcase>
    </testsuite>
    <testsuite name=";failed-payment(sek-card)" tests="10" failures="0" skipped="0">
        <properties>
            <property name="URI" value="/Users/mariantowfik/Desktop/Cucumber/features/coffee-machine.feature">
            </property>
        </properties>
        <testcase name="Given that the machine is plugged in" classname=";failed-payment(sek-card)" time="0.000096755">
        </testcase>
        <testcase name="And that the machine has enough ground coffee" classname=";failed-payment(sek-card)" time="0.00007566">
        </testcase>
        <testcase name="And that water is availble" classname=";failed-payment(sek-card)" time="0.000072117">
        </testcase>
        <testcase name="And the machine has enough plastic cups" classname=";failed-payment(sek-card)" time="0.000079985">
        </testcase>
        <testcase name="And the machine dispenses a cup" classname=";failed-payment(sek-card)" time="0.000058968">
        </testcase>
        <testcase name="When the user inserts the 9" classname=";failed-payment(sek-card)" time="0.000066817">
        </testcase>
        <testcase name="And chooses the coffee type Black coffee" classname=";failed-payment(sek-card)" time="0.000058339">
        </testcase>
        <testcase name="And presses start" classname=";failed-payment(sek-card)" time="0.000056972">
        </testcase>
        <testcase name="Then the user does not receieves a cup of coffee" classname=";failed-payment(sek-card)" time="0.000068411">
        </testcase>
        <testcase name="And the user receieves a card declined, not enough money message" classname=";failed-payment(sek-card)" time="0.000237726">
        </testcase>
    </testsuite>
    <testsuite name=";failed-payment(sek-card)" tests="10" failures="0" skipped="0">
        <properties>
            <property name="URI" value="/Users/mariantowfik/Desktop/Cucumber/features/coffee-machine.feature">
            </property>
        </properties>
        <testcase name="Given that the machine is plugged in" classname=";failed-payment(sek-card)" time="0.000143594">
        </testcase>
        <testcase name="And that the machine has enough ground coffee" classname=";failed-payment(sek-card)" time="0.000096728">
        </testcase>
        <testcase name="And that water is availble" classname=";failed-payment(sek-card)" time="0.00007781">
        </testcase>
        <testcase name="And the machine has enough plastic cups" classname=";failed-payment(sek-card)" time="0.000078005">
        </testcase>
        <testcase name="And the machine dispenses a cup" classname=";failed-payment(sek-card)" time="0.000069231">
        </testcase>
        <testcase name="When the user inserts the 19" classname=";failed-payment(sek-card)" time="0.000082146">
        </testcase>
        <testcase name="And chooses the coffee type Espresso" classname=";failed-payment(sek-card)" time="0.000065767">
        </testcase>
        <testcase name="And presses start" classname=";failed-payment(sek-card)" time="0.000079928">
        </testcase>
        <testcase name="Then the user does not receieves a cup of coffee" classname=";failed-payment(sek-card)" time="0.000091235">
        </testcase>
        <testcase name="And the user receieves a card declined, not enough money message" classname=";failed-payment(sek-card)" time="0.000102039">
        </testcase>
    </testsuite>
    <testsuite name=";failed-payment(sek-card)" tests="10" failures="0" skipped="0">
        <properties>
            <property name="URI" value="/Users/mariantowfik/Desktop/Cucumber/features/coffee-machine.feature">
            </property>
        </properties>
        <testcase name="Given that the machine is plugged in" classname=";failed-payment(sek-card)" time="0.000090083">
        </testcase>
        <testcase name="And that the machine has enough ground coffee" classname=";failed-payment(sek-card)" time="0.000086296">
        </testcase>
        <testcase name="And that water is availble" classname=";failed-payment(sek-card)" time="0.000072941">
        </testcase>
        <testcase name="And the machine has enough plastic cups" classname=";failed-payment(sek-card)" time="0.000084241">
        </testcase>
        <testcase name="And the machine dispenses a cup" classname=";failed-payment(sek-card)" time="0.00006456">
        </testcase>
        <testcase name="When the user inserts the 29" classname=";failed-payment(sek-card)" time="0.000068554">
        </testcase>
        <testcase name="And chooses the coffee type Cappuccino" classname=";failed-payment(sek-card)" time="0.000056003">
        </testcase>
        <testcase name="And presses start" classname=";failed-payment(sek-card)" time="0.000057278">
        </testcase>
        <testcase name="Then the user does not receieves a cup of coffee" classname=";failed-payment(sek-card)" time="0.00006233">
        </testcase>
        <testcase name="And the user receieves a card declined, not enough money message" classname=";failed-payment(sek-card)" time="0.000114322">
        </testcase>
    </testsuite>
    <testsuite name=";the-machine-is-missing-something" tests="9" failures="0" skipped="4">
        <properties>
            <property name="URI" value="/Users/mariantowfik/Desktop/Cucumber/features/coffee-machine.feature">
            </property>
        </properties>
        <testcase name="Given that the machine is plugged in" classname=";the-machine-is-missing-something" time="0.000091778">
        </testcase>
        <testcase name="And that the machine has enough ground coffee" classname=";the-machine-is-missing-something" time="0.003118862">
        </testcase>
        <testcase name="And that water is availble" classname=";the-machine-is-missing-something" time="0.000078916">
        </testcase>
        <testcase name="And the machine has enough plastic cups" classname=";the-machine-is-missing-something" time="0.000174623">
        </testcase>
        <testcase name="And the machine dispenses a cup" classname=";the-machine-is-missing-something" time="0.000095996">
        </testcase>
        <testcase name="Given that the user has selected Black Coffee" classname=";the-machine-is-missing-something">
            <skipped message="">
            </skipped>
        </testcase>
        <testcase name="And there is not enough of ground coffee" classname=";the-machine-is-missing-something">
            <skipped message="">
            </skipped>
        </testcase>
        <testcase name="When you press the start button" classname=";the-machine-is-missing-something">
            <skipped message="">
            </skipped>
        </testcase>
        <testcase name="Then the machine displays &quot;not enough ground coffee, please refill ground coffee&quot;" classname=";the-machine-is-missing-something">
            <skipped message="">
            </skipped>
        </testcase>
    </testsuite>
    <testsuite name=";the-machine-is-missing-something" tests="9" failures="0" skipped="4">
        <properties>
            <property name="URI" value="/Users/mariantowfik/Desktop/Cucumber/features/coffee-machine.feature">
            </property>
        </properties>
        <testcase name="Given that the machine is plugged in" classname=";the-machine-is-missing-something" time="0.000097279">
        </testcase>
        <testcase name="And that the machine has enough ground coffee" classname=";the-machine-is-missing-something" time="0.000151198">
        </testcase>
        <testcase name="And that water is availble" classname=";the-machine-is-missing-something" time="0.000071127">
        </testcase>
        <testcase name="And the machine has enough plastic cups" classname=";the-machine-is-missing-something" time="0.000063393">
        </testcase>
        <testcase name="And the machine dispenses a cup" classname=";the-machine-is-missing-something" time="0.00005773">
        </testcase>
        <testcase name="Given that the user has selected Espresso" classname=";the-machine-is-missing-something">
            <skipped message="">
            </skipped>
        </testcase>
        <testcase name="And there is not enough of water" classname=";the-machine-is-missing-something">
            <skipped message="">
            </skipped>
        </testcase>
        <testcase name="When you press the start button" classname=";the-machine-is-missing-something">
            <skipped message="">
            </skipped>
        </testcase>
        <testcase name="Then the machine displays &quot;could not find water, please contact support&quot;" classname=";the-machine-is-missing-something">
            <skipped message="">
            </skipped>
        </testcase>
    </testsuite>
    <testsuite name=";the-machine-is-missing-something" tests="9" failures="0" skipped="4">
        <properties>
            <property name="URI" value="/Users/mariantowfik/Desktop/Cucumber/features/coffee-machine.feature">
            </property>
        </properties>
        <testcase name="Given that the machine is plugged in" classname=";the-machine-is-missing-something" time="0.000086837">
        </testcase>
        <testcase name="And that the machine has enough ground coffee" classname=";the-machine-is-missing-something" time="0.000070353">
        </testcase>
        <testcase name="And that water is availble" classname=";the-machine-is-missing-something" time="0.000122528">
        </testcase>
        <testcase name="And the machine has enough plastic cups" classname=";the-machine-is-missing-something" time="0.000086194">
        </testcase>
        <testcase name="And the machine dispenses a cup" classname=";the-machine-is-missing-something" time="0.000086154">
        </testcase>
        <testcase name="Given that the user has selected Cappuccino" classname=";the-machine-is-missing-something">
            <skipped message="">
            </skipped>
        </testcase>
        <testcase name="And there is not enough of milk" classname=";the-machine-is-missing-something">
            <skipped message="">
            </skipped>
        </testcase>
        <testcase name="When you press the start button" classname=";the-machine-is-missing-something">
            <skipped message="">
            </skipped>
        </testcase>
        <testcase name="Then the machine displays &quot;not enough milk, please refill milk&quot;" classname=";the-machine-is-missing-something">
            <skipped message="">
            </skipped>
        </testcase>
    </testsuite>
    <testsuite name=";the-machine-is-missing-something" tests="9" failures="0" skipped="4">
        <properties>
            <property name="URI" value="/Users/mariantowfik/Desktop/Cucumber/features/coffee-machine.feature">
            </property>
        </properties>
        <testcase name="Given that the machine is plugged in" classname=";the-machine-is-missing-something" time="0.000079195">
        </testcase>
        <testcase name="And that the machine has enough ground coffee" classname=";the-machine-is-missing-something" time="0.000053087">
        </testcase>
        <testcase name="And that water is availble" classname=";the-machine-is-missing-something" time="0.000045024">
        </testcase>
        <testcase name="And the machine has enough plastic cups" classname=";the-machine-is-missing-something" time="0.000043842">
        </testcase>
        <testcase name="And the machine dispenses a cup" classname=";the-machine-is-missing-something" time="0.00004143">
        </testcase>
        <testcase name="Given that the user has selected Black Coffee" classname=";the-machine-is-missing-something">
            <skipped message="">
            </skipped>
        </testcase>
        <testcase name="And there is not enough of water" classname=";the-machine-is-missing-something">
            <skipped message="">
            </skipped>
        </testcase>
        <testcase name="When you press the start button" classname=";the-machine-is-missing-something">
            <skipped message="">
            </skipped>
        </testcase>
        <testcase name="Then the machine displays &quot;could not find water, please contact support&quot;" classname=";the-machine-is-missing-something">
            <skipped message="">
            </skipped>
        </testcase>
    </testsuite>
    <testsuite name=";the-machine-is-missing-something" tests="9" failures="0" skipped="4">
        <properties>
            <property name="URI" value="/Users/mariantowfik/Desktop/Cucumber/features/coffee-machine.feature">
            </property>
        </properties>
        <testcase name="Given that the machine is plugged in" classname=";the-machine-is-missing-something" time="0.000115865">
        </testcase>
        <testcase name="And that the machine has enough ground coffee" classname=";the-machine-is-missing-something" time="0.000092551">
        </testcase>
        <testcase name="And that water is availble" classname=";the-machine-is-missing-something" time="0.000068895">
        </testcase>
        <testcase name="And the machine has enough plastic cups" classname=";the-machine-is-missing-something" time="0.000062562">
        </testcase>
        <testcase name="And the machine dispenses a cup" classname=";the-machine-is-missing-something" time="0.000063862">
        </testcase>
        <testcase name="Given that the user has selected Espresso" classname=";the-machine-is-missing-something">
            <skipped message="">
            </skipped>
        </testcase>
        <testcase name="And there is not enough of coffee" classname=";the-machine-is-missing-something">
            <skipped message="">
            </skipped>
        </testcase>
        <testcase name="When you press the start button" classname=";the-machine-is-missing-something">
            <skipped message="">
            </skipped>
        </testcase>
        <testcase name="Then the machine displays &quot;not enough ground coffee, please refill ground coffee&quot;" classname=";the-machine-is-missing-something">
            <skipped message="">
            </skipped>
        </testcase>
    </testsuite>
    <testsuite name=";the-machine-is-missing-something" tests="9" failures="0" skipped="4">
        <properties>
            <property name="URI" value="/Users/mariantowfik/Desktop/Cucumber/features/coffee-machine.feature">
            </property>
        </properties>
        <testcase name="Given that the machine is plugged in" classname=";the-machine-is-missing-something" time="0.000175969">
        </testcase>
        <testcase name="And that the machine has enough ground coffee" classname=";the-machine-is-missing-something" time="0.000081605">
        </testcase>
        <testcase name="And that water is availble" classname=";the-machine-is-missing-something" time="0.000077681">
        </testcase>
        <testcase name="And the machine has enough plastic cups" classname=";the-machine-is-missing-something" time="0.000052073">
        </testcase>
        <testcase name="And the machine dispenses a cup" classname=";the-machine-is-missing-something" time="0.000042004">
        </testcase>
        <testcase name="Given that the user has selected Cappuccino" classname=";the-machine-is-missing-something">
            <skipped message="">
            </skipped>
        </testcase>
        <testcase name="And there is not enough of coffee" classname=";the-machine-is-missing-something">
            <skipped message="">
            </skipped>
        </testcase>
        <testcase name="When you press the start button" classname=";the-machine-is-missing-something">
            <skipped message="">
            </skipped>
        </testcase>
        <testcase name="Then the machine displays &quot;not enough ground coffee, please refill ground coffee&quot;" classname=";the-machine-is-missing-something">
            <skipped message="">
            </skipped>
        </testcase>
    </testsuite>
    <testsuite name=";the-machine-is-missing-something" tests="9" failures="0" skipped="4">
        <properties>
            <property name="URI" value="/Users/mariantowfik/Desktop/Cucumber/features/coffee-machine.feature">
            </property>
        </properties>
        <testcase name="Given that the machine is plugged in" classname=";the-machine-is-missing-something" time="0.000087556">
        </testcase>
        <testcase name="And that the machine has enough ground coffee" classname=";the-machine-is-missing-something" time="0.00007076">
        </testcase>
        <testcase name="And that water is availble" classname=";the-machine-is-missing-something" time="0.000079488">
        </testcase>
        <testcase name="And the machine has enough plastic cups" classname=";the-machine-is-missing-something" time="0.000074192">
        </testcase>
        <testcase name="And the machine dispenses a cup" classname=";the-machine-is-missing-something" time="0.000065717">
        </testcase>
        <testcase name="Given that the user has selected Cappuccino" classname=";the-machine-is-missing-something">
            <skipped message="">
            </skipped>
        </testcase>
        <testcase name="And there is not enough of water" classname=";the-machine-is-missing-something">
            <skipped message="">
            </skipped>
        </testcase>
        <testcase name="When you press the start button" classname=";the-machine-is-missing-something">
            <skipped message="">
            </skipped>
        </testcase>
        <testcase name="Then the machine displays &quot;could not find water, please contact support&quot;" classname=";the-machine-is-missing-something">
            <skipped message="">
            </skipped>
        </testcase>
    </testsuite>
    <testsuite name=";the-machine-is-missing-something" tests="9" failures="0" skipped="4">
        <properties>
            <property name="URI" value="/Users/mariantowfik/Desktop/Cucumber/features/coffee-machine.feature">
            </property>
        </properties>
        <testcase name="Given that the machine is plugged in" classname=";the-machine-is-missing-something" time="0.00008396">
        </testcase>
        <testcase name="And that the machine has enough ground coffee" classname=";the-machine-is-missing-something" time="0.000111906">
        </testcase>
        <testcase name="And that water is availble" classname=";the-machine-is-missing-something" time="0.000061737">
        </testcase>
        <testcase name="And the machine has enough plastic cups" classname=";the-machine-is-missing-something" time="0.000053942">
        </testcase>
        <testcase name="And the machine dispenses a cup" classname=";the-machine-is-missing-something" time="0.000052397">
        </testcase>
        <testcase name="Given that the user has selected Black Coffee" classname=";the-machine-is-missing-something">
            <skipped message="">
            </skipped>
        </testcase>
        <testcase name="And there is not enough of cup" classname=";the-machine-is-missing-something">
            <skipped message="">
            </skipped>
        </testcase>
        <testcase name="When you press the start button" classname=";the-machine-is-missing-something">
            <skipped message="">
            </skipped>
        </testcase>
        <testcase name="Then the machine displays &quot;not enough cups in the machine, please refill cups &quot;" classname=";the-machine-is-missing-something">
            <skipped message="">
            </skipped>
        </testcase>
    </testsuite>
    <testsuite name=";the-machine-is-missing-something" tests="9" failures="0" skipped="4">
        <properties>
            <property name="URI" value="/Users/mariantowfik/Desktop/Cucumber/features/coffee-machine.feature">
            </property>
        </properties>
        <testcase name="Given that the machine is plugged in" classname=";the-machine-is-missing-something" time="0.000081153">
        </testcase>
        <testcase name="And that the machine has enough ground coffee" classname=";the-machine-is-missing-something" time="0.000129569">
        </testcase>
        <testcase name="And that water is availble" classname=";the-machine-is-missing-something" time="0.00004738">
        </testcase>
        <testcase name="And the machine has enough plastic cups" classname=";the-machine-is-missing-something" time="0.00004067">
        </testcase>
        <testcase name="And the machine dispenses a cup" classname=";the-machine-is-missing-something" time="0.000039197">
        </testcase>
        <testcase name="Given that the user has selected Espresso" classname=";the-machine-is-missing-something">
            <skipped message="">
            </skipped>
        </testcase>
        <testcase name="And there is not enough of cup" classname=";the-machine-is-missing-something">
            <skipped message="">
            </skipped>
        </testcase>
        <testcase name="When you press the start button" classname=";the-machine-is-missing-something">
            <skipped message="">
            </skipped>
        </testcase>
        <testcase name="Then the machine displays &quot;not enough cups in the machine, please refill cups &quot;" classname=";the-machine-is-missing-something">
            <skipped message="">
            </skipped>
        </testcase>
    </testsuite>
    <testsuite name=";the-machine-is-missing-something" tests="9" failures="0" skipped="4">
        <properties>
            <property name="URI" value="/Users/mariantowfik/Desktop/Cucumber/features/coffee-machine.feature">
            </property>
        </properties>
        <testcase name="Given that the machine is plugged in" classname=";the-machine-is-missing-something" time="0.001491264">
        </testcase>
        <testcase name="And that the machine has enough ground coffee" classname=";the-machine-is-missing-something" time="0.000076845">
        </testcase>
        <testcase name="And that water is availble" classname=";the-machine-is-missing-something" time="0.000063461">
        </testcase>
        <testcase name="And the machine has enough plastic cups" classname=";the-machine-is-missing-something" time="0.000061665">
        </testcase>
        <testcase name="And the machine dispenses a cup" classname=";the-machine-is-missing-something" time="0.000058627">
        </testcase>
        <testcase name="Given that the user has selected Cappuccino" classname=";the-machine-is-missing-something">
            <skipped message="">
            </skipped>
        </testcase>
        <testcase name="And there is not enough of cup" classname=";the-machine-is-missing-something">
            <skipped message="">
            </skipped>
        </testcase>
        <testcase name="When you press the start button" classname=";the-machine-is-missing-something">
            <skipped message="">
            </skipped>
        </testcase>
        <testcase name="Then the machine displays &quot;not enough cups in the machine, please refill cups &quot;" classname=";the-machine-is-missing-something">
            <skipped message="">
            </skipped>
        </testcase>
    </testsuite>
</testsuites>